<?xml version="1.0" encoding="UTF-8"?>
<!-- Generated by org.testng.reporters.JUnitXMLReporter -->
<testsuite hostname="DESKTOP-P47OH58" ignored="10" name="Test" tests="1" failures="0" timestamp="21 Feb 2019 15:50:13 GMT" time="43.283" errors="0">
  <testcase name="@AfterClass afterClass" time="2.146" classname="tests.TestOne">
    <failure type="org.openqa.selenium.NoSuchSessionException" message="invalid session id
  (Driver info: chromedriver=2.43.600210 (68dcf5eebde37173d4027fa8635e332711d2874a),platform=Windows NT 10.0.17763 x86_64) (WARNING: The server did not provide any stacktrace information)
Command duration or timeout: 0 milliseconds
Build info: version: &amp;apos;3.14.0&amp;apos;, revision: &amp;apos;aacccce0&amp;apos;, time: &amp;apos;2018-08-02T20:19:58.91Z&amp;apos;
System info: host: &amp;apos;DESKTOP-P47OH58&amp;apos;, ip: &amp;apos;192.168.0.9&amp;apos;, os.name: &amp;apos;Windows 10&amp;apos;, os.arch: &amp;apos;amd64&amp;apos;, os.version: &amp;apos;10.0&amp;apos;, java.version: &amp;apos;1.8.0_191&amp;apos;
Driver info: org.openqa.selenium.chrome.ChromeDriver
Capabilities {acceptInsecureCerts: false, acceptSslCerts: false, applicationCacheEnabled: false, browserConnectionEnabled: false, browserName: chrome, chrome: {chromedriverVersion: 2.43.600210 (68dcf5eebde371..., userDataDir: C:/Users/Mouloud Hamdidouch...}, cssSelectorsEnabled: true, databaseEnabled: false, goog:chromeOptions: {debuggerAddress: localhost:51102}, handlesAlerts: true, hasTouchScreen: false, javascriptEnabled: true, locationContextEnabled: true, mobileEmulationEnabled: false, nativeEvents: true, networkConnectionEnabled: false, pageLoadStrategy: normal, platform: XP, platformName: XP, rotatable: false, setWindowRect: true, takesHeapSnapshot: true, takesScreenshot: true, unexpectedAlertBehaviour: , unhandledPromptBehavior: , version: 72.0.3626.109, webStorageEnabled: true}
Session ID: 1cedfae726711772f147f025e8ceb536">
      <![CDATA[org.openqa.selenium.NoSuchSessionException: invalid session id
  (Driver info: chromedriver=2.43.600210 (68dcf5eebde37173d4027fa8635e332711d2874a),platform=Windows NT 10.0.17763 x86_64) (WARNING: The server did not provide any stacktrace information)
Command duration or timeout: 0 milliseconds
Build info: version: '3.14.0', revision: 'aacccce0', time: '2018-08-02T20:19:58.91Z'
System info: host: 'DESKTOP-P47OH58', ip: '192.168.0.9', os.name: 'Windows 10', os.arch: 'amd64', os.version: '10.0', java.version: '1.8.0_191'
Driver info: org.openqa.selenium.chrome.ChromeDriver
Capabilities {acceptInsecureCerts: false, acceptSslCerts: false, applicationCacheEnabled: false, browserConnectionEnabled: false, browserName: chrome, chrome: {chromedriverVersion: 2.43.600210 (68dcf5eebde371..., userDataDir: C:/Users/Mouloud Hamdidouch...}, cssSelectorsEnabled: true, databaseEnabled: false, goog:chromeOptions: {debuggerAddress: localhost:51102}, handlesAlerts: true, hasTouchScreen: false, javascriptEnabled: true, locationContextEnabled: true, mobileEmulationEnabled: false, nativeEvents: true, networkConnectionEnabled: false, pageLoadStrategy: normal, platform: XP, platformName: XP, rotatable: false, setWindowRect: true, takesHeapSnapshot: true, takesScreenshot: true, unexpectedAlertBehaviour: , unhandledPromptBehavior: , version: 72.0.3626.109, webStorageEnabled: true}
Session ID: 1cedfae726711772f147f025e8ceb536
at org.openqa.selenium.remote.ErrorHandler.createThrowable(ErrorHandler.java:214)
at org.openqa.selenium.remote.ErrorHandler.throwIfResponseFailed(ErrorHandler.java:166)
at org.openqa.selenium.remote.http.JsonHttpResponseCodec.reconstructValue(JsonHttpResponseCodec.java:40)
at org.openqa.selenium.remote.http.AbstractHttpResponseCodec.decode(AbstractHttpResponseCodec.java:80)
at org.openqa.selenium.remote.http.AbstractHttpResponseCodec.decode(AbstractHttpResponseCodec.java:44)
at org.openqa.selenium.remote.HttpCommandExecutor.execute(HttpCommandExecutor.java:158)
at org.openqa.selenium.remote.service.DriverCommandExecutor.execute(DriverCommandExecutor.java:83)
at org.openqa.selenium.remote.RemoteWebDriver.execute(RemoteWebDriver.java:548)
at org.openqa.selenium.remote.RemoteWebDriver.execute(RemoteWebDriver.java:605)
at org.openqa.selenium.remote.RemoteWebDriver.close(RemoteWebDriver.java:438)
at GuiLibs.GuiTools.closeBrowser(GuiTools.java:264)
at tests.TestOne.afterClass(TestOne.java:89)
at tests.TestOne.main(TestOne.java:61)
... Removed 27 stack frames]]>
    </failure>
  </testcase> <!-- @AfterClass afterClass -->
  <testcase name="Create_Adcvd_Case" time="41.005" classname="tests.TestOne"/>
  <testcase name="Create_Segment_Anti_Circumvention_Review" time="0.0" classname="tests.TestOne">
    <ignored/>
  </testcase> <!-- Create_Segment_Anti_Circumvention_Review -->
  <testcase name="Create_And_Validate_Petition" time="0.0" classname="tests.TestOne">
    <ignored/>
  </testcase> <!-- Create_And_Validate_Petition -->
  <testcase name="Create_Segment_Changed_Circumstances_Review" time="0.0" classname="tests.TestOne">
    <ignored/>
  </testcase> <!-- Create_Segment_Changed_Circumstances_Review -->
  <testcase name="Create_Segment_Administrative_Review" time="0.0" classname="tests.TestOne">
    <ignored/>
  </testcase> <!-- Create_Segment_Administrative_Review -->
  <testcase name="Create_Order" time="0.0" classname="tests.TestOne">
    <ignored/>
  </testcase> <!-- Create_Order -->
  <testcase name="Create_And_Validate_Investigation" time="0.0" classname="tests.TestOne">
    <ignored/>
  </testcase> <!-- Create_And_Validate_Investigation -->
  <testcase name="Create_Segment_New_Shipper_Review" time="0.0" classname="tests.TestOne">
    <ignored/>
  </testcase> <!-- Create_Segment_New_Shipper_Review -->
  <testcase name="Create_Segment_Sunset_Review" time="0.0" classname="tests.TestOne">
    <ignored/>
  </testcase> <!-- Create_Segment_Sunset_Review -->
  <testcase name="Create_Segment_Scope_Inquiry" time="0.0" classname="tests.TestOne">
    <ignored/>
  </testcase> <!-- Create_Segment_Scope_Inquiry -->
  <testcase name="Create_Segment_Expedited_Review" time="0.0" classname="tests.TestOne">
    <ignored/>
  </testcase> <!-- Create_Segment_Expedited_Review -->
</testsuite> <!-- Test -->
