<?xml version="1.0" encoding="UTF-8"?>
<!-- Generated by org.testng.reporters.JUnitReportReporter -->
<testsuite ignored="0" hostname="Moulouds-MBP.fios-router.home" failures="1" tests="29" name="tests.TestOne" time="2.623" errors="1" timestamp="09 May 2020 16:28:38 GMT" skipped="27">
  <testcase classname="tests.TestOne" name="Align_NSR_To_AR" time="0.000">
    <skipped/>
  </testcase> <!-- Align_NSR_To_AR -->
  <testcase classname="tests.TestOne" name="Admin_Review_Status_Validation" time="0.000">
    <skipped/>
  </testcase> <!-- Admin_Review_Status_Validation -->
  <testcase classname="tests.TestOne" name="International_Litigation_Status_Validation" time="0.000">
    <skipped/>
  </testcase> <!-- International_Litigation_Status_Validation -->
  <testcase classname="tests.TestOne" name="Litigation_Dates_Validation" time="0.000">
    <skipped/>
  </testcase> <!-- Litigation_Dates_Validation -->
  <testcase classname="tests.TestOne" name="Create_And_Validate_Segment_Administrative_Review" time="0.000">
    <skipped/>
  </testcase> <!-- Create_And_Validate_Segment_Administrative_Review -->
  <testcase classname="tests.TestOne" name="Changed_Circumstance_Review_Status_Validation" time="0.000">
    <skipped/>
  </testcase> <!-- Changed_Circumstance_Review_Status_Validation -->
  <testcase classname="tests.TestOne" name="Create_And_Validate_Segment_Anti_Circumvention_Review" time="0.000">
    <skipped/>
  </testcase> <!-- Create_And_Validate_Segment_Anti_Circumvention_Review -->
  <testcase classname="tests.TestOne" name="Create_And_Validate_International_Litigation" time="0.000">
    <skipped/>
  </testcase> <!-- Create_And_Validate_International_Litigation -->
  <testcase classname="tests.TestOne" name="CVD_Align_With_AD" time="2.621">
    <failure message="CVD_Align_With_AD: " type="java.lang.AssertionError">
      <![CDATA[java.lang.AssertionError: CVD_Align_With_AD: 
	at org.testng.Assert.fail(Assert.java:94)
	at GuiLibs.GuiTools.failTestSuite(GuiTools.java:483)
	at tests.TestOne.createNewPetition(TestOne.java:5149)
	at tests.TestOne.CVD_Align_With_AD(TestOne.java:187)
	at java.base/jdk.internal.reflect.NativeMethodAccessorImpl.invoke0(Native Method)
	at java.base/jdk.internal.reflect.NativeMethodAccessorImpl.invoke(NativeMethodAccessorImpl.java:62)
	at java.base/jdk.internal.reflect.DelegatingMethodAccessorImpl.invoke(DelegatingMethodAccessorImpl.java:43)
	at java.base/java.lang.reflect.Method.invoke(Method.java:564)
	at org.testng.internal.MethodInvocationHelper.invokeMethod(MethodInvocationHelper.java:104)
	at org.testng.internal.Invoker.invokeMethod(Invoker.java:645)
	at org.testng.internal.Invoker.invokeTestMethod(Invoker.java:851)
	at org.testng.internal.Invoker.invokeTestMethods(Invoker.java:1177)
	at org.testng.internal.TestMethodWorker.invokeTestMethods(TestMethodWorker.java:129)
	at org.testng.internal.TestMethodWorker.run(TestMethodWorker.java:112)
	at org.testng.TestRunner.privateRun(TestRunner.java:756)
	at org.testng.TestRunner.run(TestRunner.java:610)
	at org.testng.SuiteRunner.runTest(SuiteRunner.java:387)
	at org.testng.SuiteRunner.runSequentially(SuiteRunner.java:382)
	at org.testng.SuiteRunner.privateRun(SuiteRunner.java:340)
	at org.testng.SuiteRunner.run(SuiteRunner.java:289)
	at org.testng.SuiteRunnerWorker.runSuite(SuiteRunnerWorker.java:52)
	at org.testng.SuiteRunnerWorker.run(SuiteRunnerWorker.java:86)
	at org.testng.TestNG.runSuitesSequentially(TestNG.java:1293)
	at org.testng.TestNG.runSuitesLocally(TestNG.java:1218)
	at org.testng.TestNG.runSuites(TestNG.java:1133)
	at org.testng.TestNG.run(TestNG.java:1104)
	at tests.TestOne.main(TestOne.java:105)
]]>
    </failure>
  </testcase> <!-- CVD_Align_With_AD -->
  <testcase classname="tests.TestOne" name="Petition_Status_Validation" time="0.000">
    <skipped/>
  </testcase> <!-- Petition_Status_Validation -->
  <testcase classname="tests.TestOne" name="afterMethod" time="0.000">
    <error type="java.lang.NullPointerException">
      <![CDATA[java.lang.NullPointerException
	at GuiLibs.GuiTools.getAllWindows(GuiTools.java:412)
	at GuiLibs.GuiTools.closeBrowser(GuiTools.java:258)
	at tests.TestOne.afterMethod(TestOne.java:165)
	at java.base/jdk.internal.reflect.NativeMethodAccessorImpl.invoke0(Native Method)
	at java.base/jdk.internal.reflect.NativeMethodAccessorImpl.invoke(NativeMethodAccessorImpl.java:62)
	at java.base/jdk.internal.reflect.DelegatingMethodAccessorImpl.invoke(DelegatingMethodAccessorImpl.java:43)
	at java.base/java.lang.reflect.Method.invoke(Method.java:564)
	at org.testng.internal.MethodInvocationHelper.invokeMethod(MethodInvocationHelper.java:104)
	at org.testng.internal.Invoker.invokeConfigurationMethod(Invoker.java:515)
	at org.testng.internal.Invoker.invokeConfigurations(Invoker.java:217)
	at org.testng.internal.Invoker.invokeMethod(Invoker.java:712)
	at org.testng.internal.Invoker.invokeTestMethod(Invoker.java:851)
	at org.testng.internal.Invoker.invokeTestMethods(Invoker.java:1177)
	at org.testng.internal.TestMethodWorker.invokeTestMethods(TestMethodWorker.java:129)
	at org.testng.internal.TestMethodWorker.run(TestMethodWorker.java:112)
	at org.testng.TestRunner.privateRun(TestRunner.java:756)
	at org.testng.TestRunner.run(TestRunner.java:610)
	at org.testng.SuiteRunner.runTest(SuiteRunner.java:387)
	at org.testng.SuiteRunner.runSequentially(SuiteRunner.java:382)
	at org.testng.SuiteRunner.privateRun(SuiteRunner.java:340)
	at org.testng.SuiteRunner.run(SuiteRunner.java:289)
	at org.testng.SuiteRunnerWorker.runSuite(SuiteRunnerWorker.java:52)
	at org.testng.SuiteRunnerWorker.run(SuiteRunnerWorker.java:86)
	at org.testng.TestNG.runSuitesSequentially(TestNG.java:1293)
	at org.testng.TestNG.runSuitesLocally(TestNG.java:1218)
	at org.testng.TestNG.runSuites(TestNG.java:1133)
	at org.testng.TestNG.run(TestNG.java:1104)
	at tests.TestOne.main(TestOne.java:105)
]]>
    </error>
  </testcase> <!-- afterMethod -->
  <testcase classname="tests.TestOne" name="Anticircumvention_Status_Validation" time="0.001">
    <skipped/>
  </testcase> <!-- Anticircumvention_Status_Validation -->
  <testcase classname="tests.TestOne" name="Scope_Status_Validation" time="0.000">
    <skipped/>
  </testcase> <!-- Scope_Status_Validation -->
  <testcase classname="tests.TestOne" name="Create_And_Validate_Segment_Scope_Inquiry" time="0.000">
    <skipped/>
  </testcase> <!-- Create_And_Validate_Segment_Scope_Inquiry -->
  <testcase classname="tests.TestOne" name="Sunset_Status_Validation" time="0.000">
    <skipped/>
  </testcase> <!-- Sunset_Status_Validation -->
  <testcase classname="tests.TestOne" name="Create_Order" time="0.000">
    <skipped/>
  </testcase> <!-- Create_Order -->
  <testcase classname="tests.TestOne" name="Create_Adcvd_Case" time="0.000">
    <skipped/>
  </testcase> <!-- Create_Adcvd_Case -->
  <testcase classname="tests.TestOne" name="Create_And_Validate_Segment_New_Shipper_Review" time="0.000">
    <skipped/>
  </testcase> <!-- Create_And_Validate_Segment_New_Shipper_Review -->
  <testcase classname="tests.TestOne" name="Create_And_Validate_Remand" time="0.001">
    <skipped/>
  </testcase> <!-- Create_And_Validate_Remand -->
  <testcase classname="tests.TestOne" name="Investigation_Status_Validation" time="0.000">
    <skipped/>
  </testcase> <!-- Investigation_Status_Validation -->
  <testcase classname="tests.TestOne" name="Create_And_Validate_Investigation" time="0.000">
    <skipped/>
  </testcase> <!-- Create_And_Validate_Investigation -->
  <testcase classname="tests.TestOne" name="Create_And_Validate_Segment_Sunset_Review" time="0.000">
    <skipped/>
  </testcase> <!-- Create_And_Validate_Segment_Sunset_Review -->
  <testcase classname="tests.TestOne" name="Create_And_Validate_Petition" time="0.000">
    <skipped/>
  </testcase> <!-- Create_And_Validate_Petition -->
  <testcase classname="tests.TestOne" name="Expedited_Review_Status_Validation" time="0.000">
    <skipped/>
  </testcase> <!-- Expedited_Review_Status_Validation -->
  <testcase classname="tests.TestOne" name="New_Shipper_Review_Status_Validation" time="0.000">
    <skipped/>
  </testcase> <!-- New_Shipper_Review_Status_Validation -->
  <testcase classname="tests.TestOne" name="Create_And_Validate_Segment_Changed_Circumstances_Review" time="0.000">
    <skipped/>
  </testcase> <!-- Create_And_Validate_Segment_Changed_Circumstances_Review -->
  <testcase classname="tests.TestOne" name="Create_And_Validate_Segment_Expedited_Review" time="0.000">
    <skipped/>
  </testcase> <!-- Create_And_Validate_Segment_Expedited_Review -->
  <testcase classname="tests.TestOne" name="Remand_Status_Validation" time="0.000">
    <skipped/>
  </testcase> <!-- Remand_Status_Validation -->
  <testcase classname="tests.TestOne" name="Self_Initiated_Petition_Investigation_Dates" time="0.000">
    <skipped/>
  </testcase> <!-- Self_Initiated_Petition_Investigation_Dates -->
</testsuite> <!-- tests.TestOne -->
